# JRE version: OpenJDK Runtime Environment Temurin-17.0.11+9 (17.0.11+9) (build 17.0.11+9)
# Java VM: OpenJDK 64-Bit Server VM Temurin-17.0.11+9 (17.0.11+9, mixed mode, tiered, compressed oops, compressed class ptrs, parallel gc, windows-amd64)
GC Precious Log:
 CPUs: 8 total, 8 available
 Memory: 3526M
 Large Page Support: Disabled
 NUMA Support: Disabled
 Compressed Oops: Enabled (32-bit)
 Alignments: Space 512K, Generation 512K, Heap 2M
 Heap Min Capacity: 100M
 Heap Initial Capacity: 100M
 Heap Max Capacity: 1G
 Pre-touch: Disabled
 Parallel Workers: 8
Heap:
 PSYoungGen      total 14848K, used 12390K [0x00000000eab00000, 0x00000000ec080000, 0x0000000100000000)
  eden space 8704K, 71% used [0x00000000eab00000,0x00000000eb11e208,0x00000000eb380000)
  from space 6144K, 99% used [0x00000000eba80000,0x00000000ec07b850,0x00000000ec080000)
  to   space 6656K, 0% used [0x00000000eb380000,0x00000000eb380000,0x00000000eba00000)
 ParOldGen       total 391168K, used 310037K [0x00000000c0000000, 0x00000000d7e00000, 0x00000000eab00000)
  object space 391168K, 79% used [0x00000000c0000000,0x00000000d2ec5478,0x00000000d7e00000)
 Metaspace       used 85733K, committed 87104K, reserved 1179648K
  class space    used 8669K, committed 9216K, reserved 1048576K
GC Heap History (20 events):
Event: 1146.613 GC heap before
{Heap before GC invocations=523 (full 25):
 PSYoungGen      total 13824K, used 7655K [0x00000000eab00000, 0x00000000ebe80000, 0x0000000100000000)
  eden space 7680K, 99% used [0x00000000eab00000,0x00000000eb279dc8,0x00000000eb280000)
  from space 6144K, 0% used [0x00000000eb880000,0x00000000eb880000,0x00000000ebe80000)
  to   space 6144K, 0% used [0x00000000eb280000,0x00000000eb280000,0x00000000eb880000)
 ParOldGen       total 391168K, used 298532K [0x00000000c0000000, 0x00000000d7e00000, 0x00000000eab00000)
  object space 391168K, 76% used [0x00000000c0000000,0x00000000d2389380,0x00000000d7e00000)
 Metaspace       used 85365K, committed 86784K, reserved 1179648K
  class space    used 8630K, committed 9216K, reserved 1048576K
}
Event: 1146.618 GC heap after
{Heap after GC invocations=523 (full 25):
 PSYoungGen      total 9728K, used 1902K [0x00000000eab00000, 0x00000000eba80000, 0x0000000100000000)
  eden space 7680K, 0% used [0x00000000eab00000,0x00000000eab00000,0x00000000eb280000)
  from space 2048K, 92% used [0x00000000eb280000,0x00000000eb45bbf0,0x00000000eb480000)
  to   space 3584K, 0% used [0x00000000eb700000,0x00000000eb700000,0x00000000eba80000)
 ParOldGen       total 391168K, used 298532K [0x00000000c0000000, 0x00000000d7e00000, 0x00000000eab00000)
  object space 391168K, 76% used [0x00000000c0000000,0x00000000d2389380,0x00000000d7e00000)
 Metaspace       used 85365K, committed 86784K, reserved 1179648K
  class space    used 8630K, committed 9216K, reserved 1048576K
}
Event: 1146.660 GC heap before
{Heap before GC invocations=524 (full 25):
 PSYoungGen      total 9728K, used 9582K [0x00000000eab00000, 0x00000000eba80000, 0x0000000100000000)
  eden space 7680K, 100% used [0x00000000eab00000,0x00000000eb280000,0x00000000eb280000)
  from space 2048K, 92% used [0x00000000eb280000,0x00000000eb45bbf0,0x00000000eb480000)
  to   space 3584K, 0% used [0x00000000eb700000,0x00000000eb700000,0x00000000eba80000)
 ParOldGen       total 391168K, used 298532K [0x00000000c0000000, 0x00000000d7e00000, 0x00000000eab00000)
  object space 391168K, 76% used [0x00000000c0000000,0x00000000d2389380,0x00000000d7e00000)
 Metaspace       used 85365K, committed 86784K, reserved 1179648K
  class space    used 8630K, committed 9216K, reserved 1048576K
}
Event: 1146.666 GC heap after
{Heap after GC invocations=524 (full 25):
 PSYoungGen      total 11776K, used 3556K [0x00000000eab00000, 0x00000000ebb80000, 0x0000000100000000)
  eden space 8192K, 0% used [0x00000000eab00000,0x00000000eab00000,0x00000000eb300000)
  from space 3584K, 99% used [0x00000000eb700000,0x00000000eba79170,0x00000000eba80000)
  to   space 4096K, 0% used [0x00000000eb300000,0x00000000eb300000,0x00000000eb700000)
 ParOldGen       total 391168K, used 298564K [0x00000000c0000000, 0x00000000d7e00000, 0x00000000eab00000)
  object space 391168K, 76% used [0x00000000c0000000,0x00000000d2391380,0x00000000d7e00000)
 Metaspace       used 85365K, committed 86784K, reserved 1179648K
  class space    used 8630K, committed 9216K, reserved 1048576K
}
Event: 1146.726 GC heap before
{Heap before GC invocations=525 (full 25):
 PSYoungGen      total 11776K, used 11725K [0x00000000eab00000, 0x00000000ebb80000, 0x0000000100000000)
  eden space 8192K, 99% used [0x00000000eab00000,0x00000000eb2fa528,0x00000000eb300000)
  from space 3584K, 99% used [0x00000000eb700000,0x00000000eba79170,0x00000000eba80000)
  to   space 4096K, 0% used [0x00000000eb300000,0x00000000eb300000,0x00000000eb700000)
 ParOldGen       total 391168K, used 298564K [0x00000000c0000000, 0x00000000d7e00000, 0x00000000eab00000)
  object space 391168K, 76% used [0x00000000c0000000,0x00000000d2391380,0x00000000d7e00000)
 Metaspace       used 85378K, committed 86784K, reserved 1179648K
  class space    used 8630K, committed 9216K, reserved 1048576K
}
Event: 1146.734 GC heap after
{Heap after GC invocations=525 (full 25):
 PSYoungGen      total 12288K, used 4077K [0x00000000eab00000, 0x00000000ebf00000, 0x0000000100000000)
  eden space 8192K, 0% used [0x00000000eab00000,0x00000000eab00000,0x00000000eb300000)
  from space 4096K, 99% used [0x00000000eb300000,0x00000000eb6fb788,0x00000000eb700000)
  to   space 5632K, 0% used [0x00000000eb980000,0x00000000eb980000,0x00000000ebf00000)
 ParOldGen       total 391168K, used 299738K [0x00000000c0000000, 0x00000000d7e00000, 0x00000000eab00000)
  object space 391168K, 76% used [0x00000000c0000000,0x00000000d24b6998,0x00000000d7e00000)
 Metaspace       used 85378K, committed 86784K, reserved 1179648K
  class space    used 8630K, committed 9216K, reserved 1048576K
}
Event: 1146.809 GC heap before
{Heap before GC invocations=526 (full 25):
 PSYoungGen      total 12288K, used 12269K [0x00000000eab00000, 0x00000000ebf00000, 0x0000000100000000)
  eden space 8192K, 100% used [0x00000000eab00000,0x00000000eb300000,0x00000000eb300000)
  from space 4096K, 99% used [0x00000000eb300000,0x00000000eb6fb788,0x00000000eb700000)
  to   space 5632K, 0% used [0x00000000eb980000,0x00000000eb980000,0x00000000ebf00000)
 ParOldGen       total 391168K, used 299738K [0x00000000c0000000, 0x00000000d7e00000, 0x00000000eab00000)
  object space 391168K, 76% used [0x00000000c0000000,0x00000000d24b6998,0x00000000d7e00000)
 Metaspace       used 85466K, committed 86848K, reserved 1179648K
  class space    used 8638K, committed 9216K, reserved 1048576K
}
Event: 1146.818 GC heap after
{Heap after GC invocations=526 (full 25):
 PSYoungGen      total 14336K, used 5601K [0x00000000eab00000, 0x00000000ec000000, 0x0000000100000000)
  eden space 8704K, 0% used [0x00000000eab00000,0x00000000eab00000,0x00000000eb380000)
  from space 5632K, 99% used [0x00000000eb980000,0x00000000ebef8500,0x00000000ebf00000)
  to   space 6144K, 0% used [0x00000000eb380000,0x00000000eb380000,0x00000000eb980000)
 ParOldGen       total 391168K, used 299814K [0x00000000c0000000, 0x00000000d7e00000, 0x00000000eab00000)
  object space 391168K, 76% used [0x00000000c0000000,0x00000000d24c9a38,0x00000000d7e00000)
 Metaspace       used 85466K, committed 86848K, reserved 1179648K
  class space    used 8638K, committed 9216K, reserved 1048576K
}
Event: 1146.870 GC heap before
{Heap before GC invocations=527 (full 25):
 PSYoungGen      total 14336K, used 14305K [0x00000000eab00000, 0x00000000ec000000, 0x0000000100000000)
  eden space 8704K, 100% used [0x00000000eab00000,0x00000000eb380000,0x00000000eb380000)
  from space 5632K, 99% used [0x00000000eb980000,0x00000000ebef8500,0x00000000ebf00000)
  to   space 6144K, 0% used [0x00000000eb380000,0x00000000eb380000,0x00000000eb980000)
 ParOldGen       total 391168K, used 299814K [0x00000000c0000000, 0x00000000d7e00000, 0x00000000eab00000)
  object space 391168K, 76% used [0x00000000c0000000,0x00000000d24c9a38,0x00000000d7e00000)
 Metaspace       used 85631K, committed 86976K, reserved 1179648K
  class space    used 8656K, committed 9216K, reserved 1048576K
}
Event: 1146.879 GC heap after
{Heap after GC invocations=527 (full 25):
 PSYoungGen      total 14848K, used 4808K [0x00000000eab00000, 0x00000000ebf80000, 0x0000000100000000)
  eden space 8704K, 0% used [0x00000000eab00000,0x00000000eab00000,0x00000000eb380000)
  from space 6144K, 78% used [0x00000000eb380000,0x00000000eb8321b0,0x00000000eb980000)
  to   space 5632K, 0% used [0x00000000eba00000,0x00000000eba00000,0x00000000ebf80000)
 ParOldGen       total 391168K, used 302413K [0x00000000c0000000, 0x00000000d7e00000, 0x00000000eab00000)
  object space 391168K, 77% used [0x00000000c0000000,0x00000000d27536a8,0x00000000d7e00000)
 Metaspace       used 85631K, committed 86976K, reserved 1179648K
  class space    used 8656K, committed 9216K, reserved 1048576K
}
Event: 1146.931 GC heap before
{Heap before GC invocations=528 (full 25):
 PSYoungGen      total 14848K, used 13512K [0x00000000eab00000, 0x00000000ebf80000, 0x0000000100000000)
  eden space 8704K, 100% used [0x00000000eab00000,0x00000000eb380000,0x00000000eb380000)
  from space 6144K, 78% used [0x00000000eb380000,0x00000000eb8321b0,0x00000000eb980000)
  to   space 5632K, 0% used [0x00000000eba00000,0x00000000eba00000,0x00000000ebf80000)
 ParOldGen       total 391168K, used 302413K [0x00000000c0000000, 0x00000000d7e00000, 0x00000000eab00000)
  object space 391168K, 77% used [0x00000000c0000000,0x00000000d27536a8,0x00000000d7e00000)
 Metaspace       used 85733K, committed 87104K, reserved 1179648K
  class space    used 8669K, committed 9216K, reserved 1048576K
}
Event: 1146.937 GC heap after
{Heap after GC invocations=528 (full 25):
 PSYoungGen      total 14336K, used 5616K [0x00000000eab00000, 0x00000000ec180000, 0x0000000100000000)
  eden space 8704K, 0% used [0x00000000eab00000,0x00000000eab00000,0x00000000eb380000)
  from space 5632K, 99% used [0x00000000eba00000,0x00000000ebf7c088,0x00000000ebf80000)
  to   space 6656K, 0% used [0x00000000eb380000,0x00000000eb380000,0x00000000eba00000)
 ParOldGen       total 391168K, used 303081K [0x00000000c0000000, 0x00000000d7e00000, 0x00000000eab00000)
  object space 391168K, 77% used [0x00000000c0000000,0x00000000d27fa470,0x00000000d7e00000)
 Metaspace       used 85733K, committed 87104K, reserved 1179648K
  class space    used 8669K, committed 9216K, reserved 1048576K
}
Event: 1146.982 GC heap before
{Heap before GC invocations=529 (full 25):
 PSYoungGen      total 14336K, used 14320K [0x00000000eab00000, 0x00000000ec180000, 0x0000000100000000)
  eden space 8704K, 100% used [0x00000000eab00000,0x00000000eb380000,0x00000000eb380000)
  from space 5632K, 99% used [0x00000000eba00000,0x00000000ebf7c088,0x00000000ebf80000)
  to   space 6656K, 0% used [0x00000000eb380000,0x00000000eb380000,0x00000000eba00000)
 ParOldGen       total 391168K, used 303081K [0x00000000c0000000, 0x00000000d7e00000, 0x00000000eab00000)
  object space 391168K, 77% used [0x00000000c0000000,0x00000000d27fa470,0x00000000d7e00000)
 Metaspace       used 85733K, committed 87104K, reserved 1179648K
  class space    used 8669K, committed 9216K, reserved 1048576K
}
Event: 1146.989 GC heap after
{Heap after GC invocations=529 (full 25):
 PSYoungGen      total 15360K, used 5164K [0x00000000eab00000, 0x00000000ebf80000, 0x0000000100000000)
  eden space 8704K, 0% used [0x00000000eab00000,0x00000000eab00000,0x00000000eb380000)
  from space 6656K, 77% used [0x00000000eb380000,0x00000000eb88b2b0,0x00000000eba00000)
  to   space 5632K, 0% used [0x00000000eba00000,0x00000000eba00000,0x00000000ebf80000)
 ParOldGen       total 391168K, used 305577K [0x00000000c0000000, 0x00000000d7e00000, 0x00000000eab00000)
  object space 391168K, 78% used [0x00000000c0000000,0x00000000d2a6a7d8,0x00000000d7e00000)
 Metaspace       used 85733K, committed 87104K, reserved 1179648K
  class space    used 8669K, committed 9216K, reserved 1048576K
}
Event: 1147.049 GC heap before
{Heap before GC invocations=530 (full 25):
 PSYoungGen      total 15360K, used 13868K [0x00000000eab00000, 0x00000000ebf80000, 0x0000000100000000)
  eden space 8704K, 100% used [0x00000000eab00000,0x00000000eb380000,0x00000000eb380000)
  from space 6656K, 77% used [0x00000000eb380000,0x00000000eb88b2b0,0x00000000eba00000)
  to   space 5632K, 0% used [0x00000000eba00000,0x00000000eba00000,0x00000000ebf80000)
 ParOldGen       total 391168K, used 305577K [0x00000000c0000000, 0x00000000d7e00000, 0x00000000eab00000)
  object space 391168K, 78% used [0x00000000c0000000,0x00000000d2a6a7d8,0x00000000d7e00000)
 Metaspace       used 85733K, committed 87104K, reserved 1179648K
  class space    used 8669K, committed 9216K, reserved 1048576K
}
Event: 1147.056 GC heap after
{Heap after GC invocations=530 (full 25):
 PSYoungGen      total 14336K, used 5615K [0x00000000eab00000, 0x00000000ebf80000, 0x0000000100000000)
  eden space 8704K, 0% used [0x00000000eab00000,0x00000000eab00000,0x00000000eb380000)
  from space 5632K, 99% used [0x00000000eba00000,0x00000000ebf7bd70,0x00000000ebf80000)
  to   space 6656K, 0% used [0x00000000eb380000,0x00000000eb380000,0x00000000eba00000)
 ParOldGen       total 391168K, used 306841K [0x00000000c0000000, 0x00000000d7e00000, 0x00000000eab00000)
  object space 391168K, 78% used [0x00000000c0000000,0x00000000d2ba67d8,0x00000000d7e00000)
 Metaspace       used 85733K, committed 87104K, reserved 1179648K
  class space    used 8669K, committed 9216K, reserved 1048576K
}
Event: 1147.109 GC heap before
{Heap before GC invocations=531 (full 25):
 PSYoungGen      total 14336K, used 14319K [0x00000000eab00000, 0x00000000ebf80000, 0x0000000100000000)
  eden space 8704K, 100% used [0x00000000eab00000,0x00000000eb380000,0x00000000eb380000)
  from space 5632K, 99% used [0x00000000eba00000,0x00000000ebf7bd70,0x00000000ebf80000)
  to   space 6656K, 0% used [0x00000000eb380000,0x00000000eb380000,0x00000000eba00000)
 ParOldGen       total 391168K, used 306841K [0x00000000c0000000, 0x00000000d7e00000, 0x00000000eab00000)
  object space 391168K, 78% used [0x00000000c0000000,0x00000000d2ba67d8,0x00000000d7e00000)
 Metaspace       used 85733K, committed 87104K, reserved 1179648K
  class space    used 8669K, committed 9216K, reserved 1048576K
}
Event: 1147.118 GC heap after
{Heap after GC invocations=531 (full 25):
 PSYoungGen      total 15360K, used 5140K [0x00000000eab00000, 0x00000000ec080000, 0x0000000100000000)
  eden space 8704K, 0% used [0x00000000eab00000,0x00000000eab00000,0x00000000eb380000)
  from space 6656K, 77% used [0x00000000eb380000,0x00000000eb885068,0x00000000eba00000)
  to   space 6144K, 0% used [0x00000000eba80000,0x00000000eba80000,0x00000000ec080000)
 ParOldGen       total 391168K, used 309167K [0x00000000c0000000, 0x00000000d7e00000, 0x00000000eab00000)
  object space 391168K, 79% used [0x00000000c0000000,0x00000000d2debe28,0x00000000d7e00000)
 Metaspace       used 85733K, committed 87104K, reserved 1179648K
  class space    used 8669K, committed 9216K, reserved 1048576K
}
Event: 1147.183 GC heap before
{Heap before GC invocations=532 (full 25):
 PSYoungGen      total 15360K, used 13844K [0x00000000eab00000, 0x00000000ec080000, 0x0000000100000000)
  eden space 8704K, 100% used [0x00000000eab00000,0x00000000eb380000,0x00000000eb380000)
  from space 6656K, 77% used [0x00000000eb380000,0x00000000eb885068,0x00000000eba00000)
  to   space 6144K, 0% used [0x00000000eba80000,0x00000000eba80000,0x00000000ec080000)
 ParOldGen       total 391168K, used 309167K [0x00000000c0000000, 0x00000000d7e00000, 0x00000000eab00000)
  object space 391168K, 79% used [0x00000000c0000000,0x00000000d2debe28,0x00000000d7e00000)
 Metaspace       used 85733K, committed 87104K, reserved 1179648K
  class space    used 8669K, committed 9216K, reserved 1048576K
}
Event: 1147.196 GC heap after
{Heap after GC invocations=532 (full 25):
 PSYoungGen      total 14848K, used 6126K [0x00000000eab00000, 0x00000000ec080000, 0x0000000100000000)
  eden space 8704K, 0% used [0x00000000eab00000,0x00000000eab00000,0x00000000eb380000)
  from space 6144K, 99% used [0x00000000eba80000,0x00000000ec07b850,0x00000000ec080000)
  to   space 6656K, 0% used [0x00000000eb380000,0x00000000eb380000,0x00000000eba00000)
 ParOldGen       total 391168K, used 310037K [0x00000000c0000000, 0x00000000d7e00000, 0x00000000eab00000)
  object space 391168K, 79% used [0x00000000c0000000,0x00000000d2ec5478,0x00000000d7e00000)
 Metaspace       used 85733K, committed 87104K, reserved 1179648K
  class space    used 8669K, committed 9216K, reserved 1048576K
}

